TN:
SF:src/index.ts
FN:23,initializeStructuredEvent
FN:39,transformFromDDBStreamEvent
FN:95,transformFromS3Event
FN:130,transformEvent
FN:158,handler
FNF:5
FNH:5
FNDA:5,initializeStructuredEvent
FNDA:4,transformFromDDBStreamEvent
FNDA:1,transformFromS3Event
FNDA:6,transformEvent
FNDA:7,handler
DA:1,1
DA:2,1
DA:3,1
DA:4,1
DA:5,1
DA:6,1
DA:7,1
DA:8,1
DA:9,1
DA:10,1
DA:11,1
DA:12,1
DA:13,1
DA:14,1
DA:15,1
DA:16,1
DA:17,1
DA:18,1
DA:19,1
DA:20,1
DA:21,1
DA:22,1
DA:23,1
DA:24,5
DA:25,5
DA:26,5
DA:27,5
DA:28,5
DA:29,5
DA:30,5
DA:31,5
DA:32,5
DA:33,5
DA:34,5
DA:35,5
DA:36,5
DA:37,5
DA:38,1
DA:39,1
DA:40,4
DA:41,4
DA:42,4
DA:43,4
DA:44,4
DA:45,4
DA:46,4
DA:47,4
DA:48,4
DA:49,4
DA:50,4
DA:51,4
DA:52,4
DA:53,4
DA:54,4
DA:55,4
DA:56,4
DA:57,4
DA:58,4
DA:59,4
DA:60,4
DA:61,4
DA:62,2
DA:63,2
DA:64,2
DA:65,2
DA:66,2
DA:67,4
DA:68,1
DA:69,1
DA:70,1
DA:71,1
DA:72,1
DA:73,4
DA:74,4
DA:75,1
DA:76,1
DA:77,1
DA:78,1
DA:79,1
DA:80,1
DA:81,4
DA:82,4
DA:83,4
DA:84,4
DA:85,4
DA:86,4
DA:87,4
DA:88,4
DA:89,4
DA:90,4
DA:91,4
DA:92,4
DA:93,4
DA:94,1
DA:95,1
DA:96,1
DA:97,1
DA:98,1
DA:99,1
DA:100,1
DA:101,1
DA:102,1
DA:103,1
DA:104,1
DA:105,1
DA:106,1
DA:107,1
DA:108,1
DA:109,1
DA:110,1
DA:111,1
DA:112,1
DA:113,1
DA:114,2
DA:115,1
DA:116,1
DA:117,1
DA:118,1
DA:119,1
DA:120,1
DA:121,1
DA:122,1
DA:123,1
DA:124,1
DA:125,1
DA:126,1
DA:127,1
DA:128,1
DA:129,1
DA:130,6
DA:131,6
DA:132,6
DA:133,6
DA:134,6
DA:135,6
DA:136,6
DA:137,8
DA:138,8
DA:139,5
DA:140,5
DA:141,5
DA:142,8
DA:143,6
DA:144,6
DA:145,4
DA:146,6
DA:147,1
DA:148,6
DA:149,1
DA:150,1
DA:151,1
DA:152,6
DA:153,6
DA:154,1
DA:155,1
DA:156,1
DA:157,1
DA:158,1
DA:159,7
DA:160,7
DA:161,7
DA:162,1
DA:163,1
DA:164,6
DA:165,6
DA:166,5
DA:167,5
DA:168,5
DA:169,5
DA:170,5
DA:171,5
DA:172,5
DA:173,5
DA:174,5
DA:175,5
DA:176,5
DA:177,5
DA:178,5
DA:179,4
DA:180,4
DA:181,4
DA:182,4
DA:183,4
DA:184,7
DA:185,2
DA:186,2
DA:187,2
DA:188,7
LF:188
LH:188
BRDA:23,0,0,5
BRDA:39,1,0,4
BRDA:61,2,0,2
BRDA:67,3,0,1
BRDA:73,4,0,1
BRDA:74,5,0,1
BRDA:95,6,0,1
BRDA:113,7,0,2
BRDA:130,8,0,6
BRDA:136,9,0,8
BRDA:138,10,0,5
BRDA:144,11,0,4
BRDA:146,12,0,1
BRDA:148,13,0,1
BRDA:158,14,0,7
BRDA:161,15,0,1
BRDA:163,16,0,6
BRDA:165,17,0,5
BRDA:178,18,0,4
BRDA:184,19,0,2
BRF:20
BRH:20
end_of_record
